f:\cpp\computerroomordersystem\computerroomordersystem\x64\debug\uimanageroom.obj
f:\cpp\computerroomordersystem\computerroomordersystem\x64\debug\uiviewbuttons.obj
f:\cpp\computerroomordersystem\computerroomordersystem\x64\debug\uimgacountcreate.obj
f:\cpp\computerroomordersystem\computerroomordersystem\x64\debug\qrc_computerroomordersystem.obj
f:\cpp\computerroomordersystem\computerroomordersystem\x64\debug\qtguimain.obj
f:\cpp\computerroomordersystem\computerroomordersystem\x64\debug\main.obj
f:\cpp\computerroomordersystem\computerroomordersystem\x64\debug\qrc_qtguimain.obj
f:\cpp\computerroomordersystem\computerroomordersystem\x64\debug\uimanagermain.obj
f:\cpp\computerroomordersystem\computerroomordersystem\x64\debug\uiteachermain.obj
f:\cpp\computerroomordersystem\computerroomordersystem\x64\debug\uimanageorder.obj
f:\cpp\computerroomordersystem\computerroomordersystem\x64\debug\uistudentorder.obj
f:\cpp\computerroomordersystem\computerroomordersystem\x64\debug\uimanageaccount.obj
f:\cpp\computerroomordersystem\computerroomordersystem\x64\debug\sqlapi.obj
f:\cpp\computerroomordersystem\computerroomordersystem\x64\debug\uistudentmain.obj
f:\cpp\computerroomordersystem\computerroomordersystem\generatedfiles\debug\moc_uiviewbuttons.cpp
f:\cpp\computerroomordersystem\computerroomordersystem\generatedfiles\debug\moc_uiteachermain.cpp
f:\cpp\computerroomordersystem\computerroomordersystem\generatedfiles\debug\moc_uistudentorder.cpp
f:\cpp\computerroomordersystem\computerroomordersystem\generatedfiles\debug\moc_uistudentmain.cpp
f:\cpp\computerroomordersystem\computerroomordersystem\generatedfiles\debug\moc_uimgacountcreate.cpp
f:\cpp\computerroomordersystem\computerroomordersystem\generatedfiles\debug\moc_uimanageroom.cpp
f:\cpp\computerroomordersystem\computerroomordersystem\generatedfiles\debug\moc_uimanagermain.cpp
f:\cpp\computerroomordersystem\computerroomordersystem\generatedfiles\debug\moc_uimanageorder.cpp
f:\cpp\computerroomordersystem\computerroomordersystem\generatedfiles\debug\moc_uimanageaccount.cpp
f:\cpp\computerroomordersystem\computerroomordersystem\generatedfiles\debug\moc_sqlapi.cpp
f:\cpp\computerroomordersystem\computerroomordersystem\generatedfiles\debug\moc_qtguimain.cpp
f:\cpp\computerroomordersystem\computerroomordersystem\generatedfiles\qrc_qtguimain.cpp
f:\cpp\computerroomordersystem\computerroomordersystem\generatedfiles\qrc_computerroomordersystem.cpp
f:\cpp\computerroomordersystem\computerroomordersystem\generatedfiles\ui_qtguimain.h
f:\cpp\computerroomordersystem\computerroomordersystem\generatedfiles\ui_uimanagermain.h
f:\cpp\computerroomordersystem\computerroomordersystem\generatedfiles\ui_uimanageroom.h
f:\cpp\computerroomordersystem\computerroomordersystem\generatedfiles\ui_uimgacountcreate.h
f:\cpp\computerroomordersystem\computerroomordersystem\generatedfiles\ui_uistudentorder.h
f:\cpp\computerroomordersystem\computerroomordersystem\generatedfiles\ui_uiviewbuttons.h
f:\cpp\computerroomordersystem\computerroomordersystem\.\generatedfiles\debug\moc_uiviewbuttons.cpp
f:\cpp\computerroomordersystem\computerroomordersystem\.\generatedfiles\debug\moc_uiteachermain.cpp
f:\cpp\computerroomordersystem\computerroomordersystem\.\generatedfiles\debug\moc_uistudentorder.cpp
f:\cpp\computerroomordersystem\computerroomordersystem\.\generatedfiles\debug\moc_uistudentmain.cpp
f:\cpp\computerroomordersystem\computerroomordersystem\.\generatedfiles\debug\moc_uimgacountcreate.cpp
f:\cpp\computerroomordersystem\computerroomordersystem\.\generatedfiles\debug\moc_uimanageroom.cpp
f:\cpp\computerroomordersystem\computerroomordersystem\.\generatedfiles\debug\moc_uimanagermain.cpp
f:\cpp\computerroomordersystem\computerroomordersystem\.\generatedfiles\debug\moc_uimanageorder.cpp
f:\cpp\computerroomordersystem\computerroomordersystem\.\generatedfiles\debug\moc_uimanageaccount.cpp
f:\cpp\computerroomordersystem\computerroomordersystem\.\generatedfiles\debug\moc_sqlapi.cpp
f:\cpp\computerroomordersystem\computerroomordersystem\.\generatedfiles\debug\moc_qtguimain.cpp
f:\cpp\computerroomordersystem\computerroomordersystem\.\generatedfiles\qrc_computerroomordersystem.cpp
f:\cpp\computerroomordersystem\computerroomordersystem\.\generatedfiles\ui_qtguimain.h
f:\cpp\computerroomordersystem\computerroomordersystem\.\generatedfiles\ui_uimanagermain.h
f:\cpp\computerroomordersystem\computerroomordersystem\.\generatedfiles\ui_uimanageroom.h
f:\cpp\computerroomordersystem\computerroomordersystem\.\generatedfiles\ui_uimgacountcreate.h
f:\cpp\computerroomordersystem\computerroomordersystem\.\generatedfiles\ui_uistudentorder.h
f:\cpp\computerroomordersystem\computerroomordersystem\.\generatedfiles\ui_uiviewbuttons.h
f:\cpp\computerroomordersystem\computerroomordersystem\x64\debug\vc140.pdb
f:\cpp\computerroomordersystem\computerroomordersystem\x64\debug\computer.b12702ad.tlog\cl.command.1.tlog
f:\cpp\computerroomordersystem\computerroomordersystem\x64\debug\computer.b12702ad.tlog\cl.read.1.tlog
f:\cpp\computerroomordersystem\computerroomordersystem\x64\debug\computer.b12702ad.tlog\cl.write.1.tlog
f:\cpp\computerroomordersystem\computerroomordersystem\x64\debug\computer.b12702ad.tlog\computerroomordersystem.write.1u.tlog
f:\cpp\computerroomordersystem\computerroomordersystem\x64\debug\computer.b12702ad.tlog\qtmoc.read.1u.tlog
f:\cpp\computerroomordersystem\computerroomordersystem\x64\debug\computer.b12702ad.tlog\qtmoc.write.1u.tlog
f:\cpp\computerroomordersystem\computerroomordersystem\x64\debug\computer.b12702ad.tlog\qtrcc.read.1u.tlog
f:\cpp\computerroomordersystem\computerroomordersystem\x64\debug\computer.b12702ad.tlog\qtrcc.write.1u.tlog
f:\cpp\computerroomordersystem\computerroomordersystem\x64\debug\computer.b12702ad.tlog\qtuic.read.1u.tlog
f:\cpp\computerroomordersystem\computerroomordersystem\x64\debug\computer.b12702ad.tlog\qtuic.write.1u.tlog
